<?xml version="1.0" encoding="UTF-8"?>
<testsuite name="com.daimler.javaspringbootopenshifttemplate.ApplicationTests" time="0.01" tests="1" errors="1" skipped="0" failures="0">
  <properties>
[...]
</properties>
  <testcase name="initializationError" classname="com.daimler.javaspringbootopenshifttemplate.ApplicationTests" time="0.01">
    <error message="Unable to find a @SpringBootConfiguration, you need to use @ContextConfiguration or @SpringBootTest(classes=...) with your test" type="java.lang.IllegalStateException"><![CDATA[java.lang.IllegalStateException: Unable to find a @SpringBootConfiguration, you need to use @ContextConfiguration or @SpringBootTest(classes=...) with your test
	at org.springframework.util.Assert.state(Assert.java:70)
	at org.springframework.boot.test.context.SpringBootTestContextBootstrapper.getOrFindConfigurationClasses(SpringBootTestContextBootstrapper.java:202)
	at org.springframework.boot.test.context.SpringBootTestContextBootstrapper.processMergedContextConfiguration(SpringBootTestContextBootstrapper.java:137)
	at org.springframework.test.context.support.AbstractTestContextBootstrapper.buildMergedContextConfiguration(AbstractTestContextBootstrapper.java:397)
	at org.springframework.test.context.support.AbstractTestContextBootstrapper.buildDefaultMergedContextConfiguration(AbstractTestContextBootstrapper.java:311)
	at org.springframework.test.context.support.AbstractTestContextBootstrapper.buildMergedContextConfiguration(AbstractTestContextBootstrapper.java:265)
	at org.springframework.test.context.support.AbstractTestContextBootstrapper.buildTestContext(AbstractTestContextBootstrapper.java:105)
	at org.springframework.boot.test.context.SpringBootTestContextBootstrapper.buildTestContext(SpringBootTestContextBootstrapper.java:82)
	at org.springframework.test.context.TestContextManager.<init>(TestContextManager.java:120)
	at org.springframework.test.context.TestContextManager.<init>(TestContextManager.java:105)
	at org.springframework.test.context.junit4.SpringJUnit4ClassRunner.createTestContextManager(SpringJUnit4ClassRunner.java:152)
	at org.springframework.test.context.junit4.SpringJUnit4ClassRunner.<init>(SpringJUnit4ClassRunner.java:143)
	at org.springframework.test.context.junit4.SpringRunner.<init>(SpringRunner.java:49)
	at sun.reflect.NativeConstructorAccessorImpl.newInstance0(Native Method)
	at sun.reflect.NativeConstructorAccessorImpl.newInstance(Unknown Source)
	at sun.reflect.DelegatingConstructorAccessorImpl.newInstance(Unknown Source)
	at java.lang.reflect.Constructor.newInstance(Unknown Source)
	at org.junit.internal.builders.AnnotatedBuilder.buildRunner(AnnotatedBuilder.java:104)
	at org.junit.internal.builders.AnnotatedBuilder.runnerForClass(AnnotatedBuilder.java:86)
	at org.junit.runners.model.RunnerBuilder.safeRunnerForClass(RunnerBuilder.java:59)
	at org.junit.internal.builders.AllDefaultPossibilitiesBuilder.runnerForClass(AllDefaultPossibilitiesBuilder.java:26)
	at org.junit.runners.model.RunnerBuilder.safeRunnerForClass(RunnerBuilder.java:59)
	at org.junit.internal.requests.ClassRequest.getRunner(ClassRequest.java:33)
	at org.apache.maven.surefire.junit4.JUnit4Provider.execute(JUnit4Provider.java:283)
	at org.apache.maven.surefire.junit4.JUnit4Provider.executeWithRerun(JUnit4Provider.java:173)
	at org.apache.maven.surefire.junit4.JUnit4Provider.executeTestSet(JUnit4Provider.java:153)
	at org.apache.maven.surefire.junit4.JUnit4Provider.invoke(JUnit4Provider.java:128)
	at org.apache.maven.surefire.booter.ForkedBooter.invokeProviderInSameClassLoader(ForkedBooter.java:203)
	at org.apache.maven.surefire.booter.ForkedBooter.runSuitesInProcess(ForkedBooter.java:155)
	at org.apache.maven.surefire.booter.ForkedBooter.main(ForkedBooter.java:103)
]]></error>
    <system-out><![CDATA[18:16:20.942 [main] DEBUG org.springframework.test.context.junit4.SpringJUnit4ClassRunner - SpringJUnit4ClassRunner constructor called with [class com.daimler.javaspringbootopenshifttemplate.ApplicationTests]
18:16:20.948 [main] DEBUG org.springframework.test.context.BootstrapUtils - Instantiating CacheAwareContextLoaderDelegate from class [org.springframework.test.context.cache.DefaultCacheAwareContextLoaderDelegate]
18:16:20.956 [main] DEBUG org.springframework.test.context.BootstrapUtils - Instantiating BootstrapContext using constructor [public org.springframework.test.context.support.DefaultBootstrapContext(java.lang.Class,org.springframework.test.context.CacheAwareContextLoaderDelegate)]
18:16:20.974 [main] DEBUG org.springframework.test.context.BootstrapUtils - Instantiating TestContextBootstrapper for test class [com.daimler.javaspringbootopenshifttemplate.ApplicationTests] from class [org.springframework.boot.test.context.SpringBootTestContextBootstrapper]
18:16:20.988 [main] INFO org.springframework.boot.test.context.SpringBootTestContextBootstrapper - Neither @ContextConfiguration nor @ContextHierarchy found for test class [com.daimler.javaspringbootopenshifttemplate.ApplicationTests], using SpringBootContextLoader
18:16:20.991 [main] DEBUG org.springframework.test.context.support.AbstractContextLoader - Did not detect default resource location for test class [com.daimler.javaspringbootopenshifttemplate.ApplicationTests]: class path resource [com/daimler/javaspringbootopenshifttemplate/ApplicationTests-context.xml] does not exist
18:16:20.991 [main] DEBUG org.springframework.test.context.support.AbstractContextLoader - Did not detect default resource location for test class [com.daimler.javaspringbootopenshifttemplate.ApplicationTests]: class path resource [com/daimler/javaspringbootopenshifttemplate/ApplicationTestsContext.groovy] does not exist
18:16:20.992 [main] INFO org.springframework.test.context.support.AbstractContextLoader - Could not detect default resource locations for test class [com.daimler.javaspringbootopenshifttemplate.ApplicationTests]: no resource found for suffixes {-context.xml, Context.groovy}.
18:16:20.992 [main] INFO org.springframework.test.context.support.AnnotationConfigContextLoaderUtils - Could not detect default configuration classes for test class [com.daimler.javaspringbootopenshifttemplate.ApplicationTests]: ApplicationTests does not declare any static, non-private, non-final, nested classes annotated with @Configuration.
18:16:21.032 [main] DEBUG org.springframework.test.context.support.ActiveProfilesUtils - Could not find an 'annotation declaring class' for annotation type [org.springframework.test.context.ActiveProfiles] and class [com.daimler.javaspringbootopenshifttemplate.ApplicationTests]
18:16:21.044 [main] DEBUG org.springframework.core.env.StandardEnvironment - Adding PropertySource 'systemProperties' with lowest search precedence
18:16:21.047 [main] DEBUG org.springframework.core.env.StandardEnvironment - Adding PropertySource 'systemEnvironment' with lowest search precedence
18:16:21.047 [main] DEBUG org.springframework.core.env.StandardEnvironment - Initialized StandardEnvironment with PropertySources [MapPropertySource@1846412426 {name='systemProperties', properties={java.runtime.name=Java(TM) SE Runtime Environment, sun.boot.library.path=C:\Program Files\Java\jre1.8.0_201\bin, java.vm.version=25.201-b09, java.vm.vendor=Oracle Corporation, java.vendor.url=http://java.oracle.com/, path.separator=;, java.vm.name=Java HotSpot(TM) 64-Bit Server VM, file.encoding.pkg=sun.io, user.country=US, user.script=, sun.java.launcher=SUN_STANDARD, sun.os.patch.level=, java.vm.specification.name=Java Virtual Machine Specification, user.dir=C:\Projects\1DDMAN\hackathon\java-spring-boot-template-master, java.runtime.version=1.8.0_201-b09, basedir=C:\Projects\1DDMAN\hackathon\java-spring-boot-template-master, java.awt.graphicsenv=sun.awt.Win32GraphicsEnvironment, java.endorsed.dirs=C:\Program Files\Java\jre1.8.0_201\lib\endorsed, os.arch=amd64, surefire.real.class.path=C:\Projects\1DDMAN\hackathon\java-spring-boot-template-master\target\surefire\surefirebooter1113984819214314581.jar, java.io.tmpdir=C:\Users\sushpat\AppData\Local\Temp\, line.separator=
, java.vm.specification.vendor=Oracle Corporation, user.variant=, os.name=Windows 10, sun.jnu.encoding=Cp1252, java.library.path=C:\Program Files\Java\jre1.8.0_201\bin;C:\WINDOWS\Sun\Java\bin;C:\WINDOWS\system32;C:\WINDOWS;C:/Program Files/Java/jre1.8.0_201/bin/server;C:/Program Files/Java/jre1.8.0_201/bin;C:/Program Files/Java/jre1.8.0_201/lib/amd64;C:\Program Files (x86)\Common Files\Oracle\Java\javapath;C:\Program Files\Amazon Corretto\jdk1.8.0_242\bin;C:\Program Files (x86)\Amazon Corretto\jdk1.8.0_242\bin;C:\WINDOWS\system32;C:\WINDOWS;C:\WINDOWS\System32\Wbem;C:\WINDOWS\System32\WindowsPowerShell\v1.0\;C:\Program Files (x86)\Microsoft SQL Server\Client SDK\ODBC\130\Tools\Binn\;C:\Program Files (x86)\Microsoft SQL Server\140\Tools\Binn\;C:\Program Files (x86)\Microsoft SQL Server\140\DTS\Binn\;C:\Program Files (x86)\Microsoft SQL Server\140\Tools\Binn\ManagementStudio\;C:\Program Files\TortoiseSVN\bin;C:\WINDOWS\System32\OpenSSH\;C:\Program Files\Microsoft SQL Server\Client SDK\ODBC\130\Tools\Binn\;C:\Program Files\Microsoft SQL Server\140\Tools\Binn\;C:\Program Files\Microsoft SQL Server\140\DTS\Binn\;C:\Program Files\Git\cmd;C:\Program Files (x86)\Google\Chrome\Application\;C:\Program Files (x86)\Openshift;C:\Users\sushpat\AppData\Local\Microsoft\WindowsApps;C:\Users\sushpat\AppData\Local\GitHubDesktop\bin;C:\Users\sushpat\AppData\Local\Programs\Microsoft VS Code\bin;C:\Program Files (x86)\Google\Chrome\Application\;C:\Program Files (x86)\Openshift;;C:\Softwares\eclipse-jee-2019-12-R-win32-x86_64\eclipse;;., surefire.test.class.path=C:\Projects\1DDMAN\hackathon\java-spring-boot-template-master\target\test-classes;C:\Projects\1DDMAN\hackathon\java-spring-boot-template-master\target\classes;C:\Users\sushpat\.m2\repository\org\springframework\boot\spring-boot-starter-web\1.5.21.RELEASE\spring-boot-starter-web-1.5.21.RELEASE.jar;C:\Users\sushpat\.m2\repository\org\springframework\boot\spring-boot-starter\1.5.21.RELEASE\spring-boot-starter-1.5.21.RELEASE.jar;C:\Users\sushpat\.m2\repository\org\springframework\boot\spring-boot\1.5.21.RELEASE\spring-boot-1.5.21.RELEASE.jar;C:\Users\sushpat\.m2\repository\org\springframework\boot\spring-boot-autoconfigure\1.5.21.RELEASE\spring-boot-autoconfigure-1.5.21.RELEASE.jar;C:\Users\sushpat\.m2\repository\org\springframework\boot\spring-boot-starter-logging\1.5.21.RELEASE\spring-boot-starter-logging-1.5.21.RELEASE.jar;C:\Users\sushpat\.m2\repository\ch\qos\logback\logback-classic\1.1.11\logback-classic-1.1.11.jar;C:\Users\sushpat\.m2\repository\ch\qos\logback\logback-core\1.1.11\logback-core-1.1.11.jar;C:\Users\sushpat\.m2\repository\org\slf4j\jcl-over-slf4j\1.7.26\jcl-over-slf4j-1.7.26.jar;C:\Users\sushpat\.m2\repository\org\slf4j\jul-to-slf4j\1.7.26\jul-to-slf4j-1.7.26.jar;C:\Users\sushpat\.m2\repository\org\slf4j\log4j-over-slf4j\1.7.26\log4j-over-slf4j-1.7.26.jar;C:\Users\sushpat\.m2\repository\org\yaml\snakeyaml\1.17\snakeyaml-1.17.jar;C:\Users\sushpat\.m2\repository\org\springframework\boot\spring-boot-starter-tomcat\1.5.21.RELEASE\spring-boot-starter-tomcat-1.5.21.RELEASE.jar;C:\Users\sushpat\.m2\repository\org\apache\tomcat\embed\tomcat-embed-core\8.5.40\tomcat-embed-core-8.5.40.jar;C:\Users\sushpat\.m2\repository\org\apache\tomcat\tomcat-annotations-api\8.5.40\tomcat-annotations-api-8.5.40.jar;C:\Users\sushpat\.m2\repository\org\apache\tomcat\embed\tomcat-embed-el\8.5.40\tomcat-embed-el-8.5.40.jar;C:\Users\sushpat\.m2\repository\org\apache\tomcat\embed\tomcat-embed-websocket\8.5.40\tomcat-embed-websocket-8.5.40.jar;C:\Users\sushpat\.m2\repository\org\hibernate\hibernate-validator\5.3.6.Final\hibernate-validator-5.3.6.Final.jar;C:\Users\sushpat\.m2\repository\javax\validation\validation-api\1.1.0.Final\validation-api-1.1.0.Final.jar;C:\Users\sushpat\.m2\repository\org\jboss\logging\jboss-logging\3.3.2.Final\jboss-logging-3.3.2.Final.jar;C:\Users\sushpat\.m2\repository\com\fasterxml\classmate\1.3.4\classmate-1.3.4.jar;C:\Users\sushpat\.m2\repository\com\fasterxml\jackson\core\jackson-databind\2.8.11.3\jackson-databind-2.8.11.3.jar;C:\Users\sushpat\.m2\repository\com\fasterxml\jackson\core\jackson-annotations\2.8.0\jackson-annotations-2.8.0.jar;C:\Users\sushpat\.m2\repository\com\fasterxml\jackson\core\jackson-core\2.8.11\jackson-core-2.8.11.jar;C:\Users\sushpat\.m2\repository\org\springframework\spring-web\4.3.24.RELEASE\spring-web-4.3.24.RELEASE.jar;C:\Users\sushpat\.m2\repository\org\springframework\spring-aop\4.3.24.RELEASE\spring-aop-4.3.24.RELEASE.jar;C:\Users\sushpat\.m2\repository\org\springframework\spring-beans\4.3.24.RELEASE\spring-beans-4.3.24.RELEASE.jar;C:\Users\sushpat\.m2\repository\org\springframework\spring-context\4.3.24.RELEASE\spring-context-4.3.24.RELEASE.jar;C:\Users\sushpat\.m2\repository\org\springframework\spring-webmvc\4.3.24.RELEASE\spring-webmvc-4.3.24.RELEASE.jar;C:\Users\sushpat\.m2\repository\org\springframework\spring-expression\4.3.24.RELEASE\spring-expression-4.3.24.RELEASE.jar;C:\Users\sushpat\.m2\repository\org\springframework\boot\spring-boot-starter-test\1.5.21.RELEASE\spring-boot-starter-test-1.5.21.RELEASE.jar;C:\Users\sushpat\.m2\repository\org\springframework\boot\spring-boot-test\1.5.21.RELEASE\spring-boot-test-1.5.21.RELEASE.jar;C:\Users\sushpat\.m2\repository\org\springframework\boot\spring-boot-test-autoconfigure\1.5.21.RELEASE\spring-boot-test-autoconfigure-1.5.21.RELEASE.jar;C:\Users\sushpat\.m2\repository\com\jayway\jsonpath\json-path\2.2.0\json-path-2.2.0.jar;C:\Users\sushpat\.m2\repository\net\minidev\json-smart\2.2.1\json-smart-2.2.1.jar;C:\Users\sushpat\.m2\repository\net\minidev\accessors-smart\1.1\accessors-smart-1.1.jar;C:\Users\sushpat\.m2\repository\org\ow2\asm\asm\5.0.3\asm-5.0.3.jar;C:\Users\sushpat\.m2\repository\org\slf4j\slf4j-api\1.7.26\slf4j-api-1.7.26.jar;C:\Users\sushpat\.m2\repository\junit\junit\4.12\junit-4.12.jar;C:\Users\sushpat\.m2\repository\org\assertj\assertj-core\2.6.0\assertj-core-2.6.0.jar;C:\Users\sushpat\.m2\repository\org\mockito\mockito-core\1.10.19\mockito-core-1.10.19.jar;C:\Users\sushpat\.m2\repository\org\objenesis\objenesis\2.1\objenesis-2.1.jar;C:\Users\sushpat\.m2\repository\org\hamcrest\hamcrest-core\1.3\hamcrest-core-1.3.jar;C:\Users\sushpat\.m2\repository\org\hamcrest\hamcrest-library\1.3\hamcrest-library-1.3.jar;C:\Users\sushpat\.m2\repository\org\skyscreamer\jsonassert\1.4.0\jsonassert-1.4.0.jar;C:\Users\sushpat\.m2\repository\com\vaadin\external\google\android-json\0.0.20131108.vaadin1\android-json-0.0.20131108.vaadin1.jar;C:\Users\sushpat\.m2\repository\org\springframework\spring-core\4.3.24.RELEASE\spring-core-4.3.24.RELEASE.jar;C:\Users\sushpat\.m2\repository\org\springframework\spring-test\4.3.24.RELEASE\spring-test-4.3.24.RELEASE.jar;, java.specification.name=Java Platform API Specification, java.class.version=52.0, sun.management.compiler=HotSpot 64-Bit Tiered Compilers, os.version=10.0, user.home=C:\Users\sushpat, user.timezone=Asia/Calcutta, java.awt.printerjob=sun.awt.windows.WPrinterJob, file.encoding=Cp1252, java.specification.version=1.8, java.class.path=C:\Projects\1DDMAN\hackathon\java-spring-boot-template-master\target\test-classes;C:\Projects\1DDMAN\hackathon\java-spring-boot-template-master\target\classes;C:\Users\sushpat\.m2\repository\org\springframework\boot\spring-boot-starter-web\1.5.21.RELEASE\spring-boot-starter-web-1.5.21.RELEASE.jar;C:\Users\sushpat\.m2\repository\org\springframework\boot\spring-boot-starter\1.5.21.RELEASE\spring-boot-starter-1.5.21.RELEASE.jar;C:\Users\sushpat\.m2\repository\org\springframework\boot\spring-boot\1.5.21.RELEASE\spring-boot-1.5.21.RELEASE.jar;C:\Users\sushpat\.m2\repository\org\springframework\boot\spring-boot-autoconfigure\1.5.21.RELEASE\spring-boot-autoconfigure-1.5.21.RELEASE.jar;C:\Users\sushpat\.m2\repository\org\springframework\boot\spring-boot-starter-logging\1.5.21.RELEASE\spring-boot-starter-logging-1.5.21.RELEASE.jar;C:\Users\sushpat\.m2\repository\ch\qos\logback\logback-classic\1.1.11\logback-classic-1.1.11.jar;C:\Users\sushpat\.m2\repository\ch\qos\logback\logback-core\1.1.11\logback-core-1.1.11.jar;C:\Users\sushpat\.m2\repository\org\slf4j\jcl-over-slf4j\1.7.26\jcl-over-slf4j-1.7.26.jar;C:\Users\sushpat\.m2\repository\org\slf4j\jul-to-slf4j\1.7.26\jul-to-slf4j-1.7.26.jar;C:\Users\sushpat\.m2\repository\org\slf4j\log4j-over-slf4j\1.7.26\log4j-over-slf4j-1.7.26.jar;C:\Users\sushpat\.m2\repository\org\yaml\snakeyaml\1.17\snakeyaml-1.17.jar;C:\Users\sushpat\.m2\repository\org\springframework\boot\spring-boot-starter-tomcat\1.5.21.RELEASE\spring-boot-starter-tomcat-1.5.21.RELEASE.jar;C:\Users\sushpat\.m2\repository\org\apache\tomcat\embed\tomcat-embed-core\8.5.40\tomcat-embed-core-8.5.40.jar;C:\Users\sushpat\.m2\repository\org\apache\tomcat\tomcat-annotations-api\8.5.40\tomcat-annotations-api-8.5.40.jar;C:\Users\sushpat\.m2\repository\org\apache\tomcat\embed\tomcat-embed-el\8.5.40\tomcat-embed-el-8.5.40.jar;C:\Users\sushpat\.m2\repository\org\apache\tomcat\embed\tomcat-embed-websocket\8.5.40\tomcat-embed-websocket-8.5.40.jar;C:\Users\sushpat\.m2\repository\org\hibernate\hibernate-validator\5.3.6.Final\hibernate-validator-5.3.6.Final.jar;C:\Users\sushpat\.m2\repository\javax\validation\validation-api\1.1.0.Final\validation-api-1.1.0.Final.jar;C:\Users\sushpat\.m2\repository\org\jboss\logging\jboss-logging\3.3.2.Final\jboss-logging-3.3.2.Final.jar;C:\Users\sushpat\.m2\repository\com\fasterxml\classmate\1.3.4\classmate-1.3.4.jar;C:\Users\sushpat\.m2\repository\com\fasterxml\jackson\core\jackson-databind\2.8.11.3\jackson-databind-2.8.11.3.jar;C:\Users\sushpat\.m2\repository\com\fasterxml\jackson\core\jackson-annotations\2.8.0\jackson-annotations-2.8.0.jar;C:\Users\sushpat\.m2\repository\com\fasterxml\jackson\core\jackson-core\2.8.11\jackson-core-2.8.11.jar;C:\Users\sushpat\.m2\repository\org\springframework\spring-web\4.3.24.RELEASE\spring-web-4.3.24.RELEASE.jar;C:\Users\sushpat\.m2\repository\org\springframework\spring-aop\4.3.24.RELEASE\spring-aop-4.3.24.RELEASE.jar;C:\Users\sushpat\.m2\repository\org\springframework\spring-beans\4.3.24.RELEASE\spring-beans-4.3.24.RELEASE.jar;C:\Users\sushpat\.m2\repository\org\springframework\spring-context\4.3.24.RELEASE\spring-context-4.3.24.RELEASE.jar;C:\Users\sushpat\.m2\repository\org\springframework\spring-webmvc\4.3.24.RELEASE\spring-webmvc-4.3.24.RELEASE.jar;C:\Users\sushpat\.m2\repository\org\springframework\spring-expression\4.3.24.RELEASE\spring-expression-4.3.24.RELEASE.jar;C:\Users\sushpat\.m2\repository\org\springframework\boot\spring-boot-starter-test\1.5.21.RELEASE\spring-boot-starter-test-1.5.21.RELEASE.jar;C:\Users\sushpat\.m2\repository\org\springframework\boot\spring-boot-test\1.5.21.RELEASE\spring-boot-test-1.5.21.RELEASE.jar;C:\Users\sushpat\.m2\repository\org\springframework\boot\spring-boot-test-autoconfigure\1.5.21.RELEASE\spring-boot-test-autoconfigure-1.5.21.RELEASE.jar;C:\Users\sushpat\.m2\repository\com\jayway\jsonpath\json-path\2.2.0\json-path-2.2.0.jar;C:\Users\sushpat\.m2\repository\net\minidev\json-smart\2.2.1\json-smart-2.2.1.jar;C:\Users\sushpat\.m2\repository\net\minidev\accessors-smart\1.1\accessors-smart-1.1.jar;C:\Users\sushpat\.m2\repository\org\ow2\asm\asm\5.0.3\asm-5.0.3.jar;C:\Users\sushpat\.m2\repository\org\slf4j\slf4j-api\1.7.26\slf4j-api-1.7.26.jar;C:\Users\sushpat\.m2\repository\junit\junit\4.12\junit-4.12.jar;C:\Users\sushpat\.m2\repository\org\assertj\assertj-core\2.6.0\assertj-core-2.6.0.jar;C:\Users\sushpat\.m2\repository\org\mockito\mockito-core\1.10.19\mockito-core-1.10.19.jar;C:\Users\sushpat\.m2\repository\org\objenesis\objenesis\2.1\objenesis-2.1.jar;C:\Users\sushpat\.m2\repository\org\hamcrest\hamcrest-core\1.3\hamcrest-core-1.3.jar;C:\Users\sushpat\.m2\repository\org\hamcrest\hamcrest-library\1.3\hamcrest-library-1.3.jar;C:\Users\sushpat\.m2\repository\org\skyscreamer\jsonassert\1.4.0\jsonassert-1.4.0.jar;C:\Users\sushpat\.m2\repository\com\vaadin\external\google\android-json\0.0.20131108.vaadin1\android-json-0.0.20131108.vaadin1.jar;C:\Users\sushpat\.m2\repository\org\springframework\spring-core\4.3.24.RELEASE\spring-core-4.3.24.RELEASE.jar;C:\Users\sushpat\.m2\repository\org\springframework\spring-test\4.3.24.RELEASE\spring-test-4.3.24.RELEASE.jar;, user.name=SUSHPAT, java.vm.specification.version=1.8, sun.java.command=C:\Projects\1DDMAN\hackathon\java-spring-boot-template-master\target\surefire\surefirebooter1113984819214314581.jar C:\Projects\1DDMAN\hackathon\java-spring-boot-template-master\target\surefire\surefire544335069028387152tmp C:\Projects\1DDMAN\hackathon\java-spring-boot-template-master\target\surefire\surefire_08763738966913562518tmp, java.home=C:\Program Files\Java\jre1.8.0_201, sun.arch.data.model=64, user.language=en, java.specification.vendor=Oracle Corporation, awt.toolkit=sun.awt.windows.WToolkit, java.vm.info=mixed mode, java.version=1.8.0_201, java.ext.dirs=C:\Program Files\Java\jre1.8.0_201\lib\ext;C:\WINDOWS\Sun\Java\lib\ext, sun.boot.class.path=C:\Program Files\Java\jre1.8.0_201\lib\resources.jar;C:\Program Files\Java\jre1.8.0_201\lib\rt.jar;C:\Program Files\Java\jre1.8.0_201\lib\sunrsasign.jar;C:\Program Files\Java\jre1.8.0_201\lib\jsse.jar;C:\Program Files\Java\jre1.8.0_201\lib\jce.jar;C:\Program Files\Java\jre1.8.0_201\lib\charsets.jar;C:\Program Files\Java\jre1.8.0_201\lib\jfr.jar;C:\Program Files\Java\jre1.8.0_201\classes, java.vendor=Oracle Corporation, localRepository=C:\Users\sushpat\.m2\repository, file.separator=\, java.vendor.url.bug=http://bugreport.sun.com/bugreport/, sun.io.unicode.encoding=UnicodeLittle, sun.cpu.endian=little, sun.desktop=windows, sun.cpu.isalist=amd64}}, SystemEnvironmentPropertySource@1539805781 {name='systemEnvironment', properties={PATH=C:/Program Files/Java/jre1.8.0_201/bin/server;C:/Program Files/Java/jre1.8.0_201/bin;C:/Program Files/Java/jre1.8.0_201/lib/amd64;C:\Program Files (x86)\Common Files\Oracle\Java\javapath;C:\Program Files\Amazon Corretto\jdk1.8.0_242\bin;C:\Program Files (x86)\Amazon Corretto\jdk1.8.0_242\bin;C:\WINDOWS\system32;C:\WINDOWS;C:\WINDOWS\System32\Wbem;C:\WINDOWS\System32\WindowsPowerShell\v1.0\;C:\Program Files (x86)\Microsoft SQL Server\Client SDK\ODBC\130\Tools\Binn\;C:\Program Files (x86)\Microsoft SQL Server\140\Tools\Binn\;C:\Program Files (x86)\Microsoft SQL Server\140\DTS\Binn\;C:\Program Files (x86)\Microsoft SQL Server\140\Tools\Binn\ManagementStudio\;C:\Program Files\TortoiseSVN\bin;C:\WINDOWS\System32\OpenSSH\;C:\Program Files\Microsoft SQL Server\Client SDK\ODBC\130\Tools\Binn\;C:\Program Files\Microsoft SQL Server\140\Tools\Binn\;C:\Program Files\Microsoft SQL Server\140\DTS\Binn\;C:\Program Files\Git\cmd;C:\Program Files (x86)\Google\Chrome\Application\;C:\Program Files (x86)\Openshift;C:\Users\sushpat\AppData\Local\Microsoft\WindowsApps;C:\Users\sushpat\AppData\Local\GitHubDesktop\bin;C:\Users\sushpat\AppData\Local\Programs\Microsoft VS Code\bin;C:\Program Files (x86)\Google\Chrome\Application\;C:\Program Files (x86)\Openshift;;C:\Softwares\eclipse-jee-2019-12-R-win32-x86_64\eclipse;, USERDOMAIN_ROAMINGPROFILE=APAC, PROCESSOR_LEVEL=6, SYSTEMDRIVE=C:, USERSID=S-1-5-21-1214440339-1715567821-839522115-375543, SESSIONNAME=Console, ALLUSERSPROFILE=C:\ProgramData, PROCESSOR_ARCHITECTURE=AMD64, DRIVERDATA=C:\Windows\System32\Drivers\DriverData, SYSTEMMANAGEMENTHEALTHRESULT=<CMHR LastExecutionTime="20200516220204.000000+330" LastExecutionVersion="3.2.8.0" LastExecutionStatus="0"/>, DEFLOGDIR=C:\ProgramData\McAfee\Endpoint Security\Logs, PROGRAMFILES=C:\Program Files, PSMODULEPATH=C:\Program Files\WindowsPowerShell\Modules;C:\WINDOWS\system32\WindowsPowerShell\v1.0\Modules;C:\Program Files (x86)\Microsoft SQL Server\140\Tools\PowerShell\Modules\, PROGRAMDATA=C:\ProgramData, USERNAME=SUSHPAT, USERDNSDOMAIN=APAC.CORPDIR.NET, FPS_BROWSER_USER_PROFILE_STRING=Default, ONEDRIVE=C:\Users\sushpat\OneDrive, DCXCLIENT=Client, PATHEXT=.COM;.EXE;.BAT;.CMD;.VBS;.VBE;.JS;.JSE;.WSF;.WSH;.MSC, SEE_MASK_NOZONECHECKS=1, SSF_LIBRARY_PATH_64=C:\Program Files\SAP\FrontEnd\SecureLogin\lib\sapcrypto.dll, HOMESHARE=\\srtif006.in623.corpintra.net\Home_Directory_WP_GGA$\SUSHPAT\Data, SSF_LIBRARY_PATH=C:\Program Files (x86)\SAP\FrontEnd\SecureLogin\lib\sapcrypto.dll, WINDIR=C:\WINDOWS, COMPUTERDOMAIN=APAC, HOMEPATH=\, SETTINGSSHARE=\\sgscfi0003.in623.corpintra.net\AGSC_PUEVGGA$, PROCESSOR_IDENTIFIER=Intel64 Family 6 Model 158 Stepping 10, GenuineIntel, PUBLIC=C:\Users\Public, OFFICESUITEVERSION=2016, =::=::\, LOCALAPPDATA=C:\Users\sushpat\AppData\Local, COMMONPROGRAMFILES(X86)=C:\Program Files (x86)\Common Files, USERDOMAIN=APAC, FPS_BROWSER_APP_PROFILE_STRING=Internet Explorer, LOGONSERVER=\\SEDCD130, JAVA_HOME=C:\Program Files\Amazon Corretto\jdk1.8.0_242, PROMPT=$P$G, PROGRAMFILES(X86)=C:\Program Files (x86), =C:=C:\Projects\1DDMAN\hackathon\java-spring-boot-template-master, APPDATA=C:\Users\sushpat\AppData\Roaming, SNC_LIB_32_2=C:\Program Files (x86)\SAP\FrontEnd\SecureLogin\lib\sapcrypto.dll, PROGRAMW6432=C:\Program Files, SYSTEMROOT=C:\WINDOWS, UEVAREA=UEV, COMPUTERDNSDOMAIN=APAC.corpdir.net, OS=Windows_NT, COMMONPROGRAMW6432=C:\Program Files\Common Files, COMPUTERNAME=CGSCLXI64185807, DEPLOYMENTCONFIGURATION=COP - Win10 x64 1709 GF201720.02 06, COMMONPROGRAMFILES=C:\Program Files\Common Files, COMSPEC=C:\WINDOWS\system32\cmd.exe, PROCESSOR_REVISION=9e0a, UATDATA=C:\WINDOWS\CCM\UATData\D9F8C395-CAB8-491d-B8AC-179A1FE1BE77, SNC_LIB_64=C:\Program Files\SAP\FrontEnd\SecureLogin\lib\sapcrypto.dll, TEMP=C:\Users\sushpat\AppData\Local\Temp, HOMEDRIVE=H:, USERPROFILE=C:\Users\sushpat, TMP=C:\Users\sushpat\AppData\Local\Temp, NUMBER_OF_PROCESSORS=12, SNC_LIB_64_2=C:\Program Files\SAP\FrontEnd\SecureLogin\lib\sapcrypto.dll, USERTLOU=AGSC}}]
18:16:21.064 [main] DEBUG org.springframework.core.io.support.PathMatchingResourcePatternResolver - Resolved classpath location [com/daimler/javaspringbootopenshifttemplate/] to resources [URL [file:/C:/Projects/1DDMAN/hackathon/java-spring-boot-template-master/target/test-classes/com/daimler/javaspringbootopenshifttemplate/]]
18:16:21.064 [main] DEBUG org.springframework.core.io.support.PathMatchingResourcePatternResolver - Looking for matching resources in directory tree [C:\Projects\1DDMAN\hackathon\java-spring-boot-template-master\target\test-classes\com\daimler\javaspringbootopenshifttemplate]
18:16:21.065 [main] DEBUG org.springframework.core.io.support.PathMatchingResourcePatternResolver - Searching directory [C:\Projects\1DDMAN\hackathon\java-spring-boot-template-master\target\test-classes\com\daimler\javaspringbootopenshifttemplate] for files matching pattern [C:/Projects/1DDMAN/hackathon/java-spring-boot-template-master/target/test-classes/com/daimler/javaspringbootopenshifttemplate/*.class]
18:16:21.068 [main] DEBUG org.springframework.core.io.support.PathMatchingResourcePatternResolver - Resolved location pattern [classpath*:com/daimler/javaspringbootopenshifttemplate/*.class] to resources [file [C:\Projects\1DDMAN\hackathon\java-spring-boot-template-master\target\test-classes\com\daimler\javaspringbootopenshifttemplate\ApplicationTests.class]]
18:16:21.087 [main] DEBUG org.springframework.core.io.support.PathMatchingResourcePatternResolver - Resolved classpath location [com/daimler/] to resources [URL [file:/C:/Projects/1DDMAN/hackathon/java-spring-boot-template-master/target/test-classes/com/daimler/], URL [file:/C:/Projects/1DDMAN/hackathon/java-spring-boot-template-master/target/classes/com/daimler/]]
18:16:21.088 [main] DEBUG org.springframework.core.io.support.PathMatchingResourcePatternResolver - Looking for matching resources in directory tree [C:\Projects\1DDMAN\hackathon\java-spring-boot-template-master\target\test-classes\com\daimler]
18:16:21.088 [main] DEBUG org.springframework.core.io.support.PathMatchingResourcePatternResolver - Searching directory [C:\Projects\1DDMAN\hackathon\java-spring-boot-template-master\target\test-classes\com\daimler] for files matching pattern [C:/Projects/1DDMAN/hackathon/java-spring-boot-template-master/target/test-classes/com/daimler/*.class]
18:16:21.088 [main] DEBUG org.springframework.core.io.support.PathMatchingResourcePatternResolver - Looking for matching resources in directory tree [C:\Projects\1DDMAN\hackathon\java-spring-boot-template-master\target\classes\com\daimler]
18:16:21.088 [main] DEBUG org.springframework.core.io.support.PathMatchingResourcePatternResolver - Searching directory [C:\Projects\1DDMAN\hackathon\java-spring-boot-template-master\target\classes\com\daimler] for files matching pattern [C:/Projects/1DDMAN/hackathon/java-spring-boot-template-master/target/classes/com/daimler/*.class]
18:16:21.089 [main] DEBUG org.springframework.core.io.support.PathMatchingResourcePatternResolver - Resolved location pattern [classpath*:com/daimler/*.class] to resources []
18:16:21.089 [main] DEBUG org.springframework.core.io.support.PathMatchingResourcePatternResolver - Resolved classpath location [com/] to resources [URL [file:/C:/Projects/1DDMAN/hackathon/java-spring-boot-template-master/target/test-classes/com/], URL [file:/C:/Projects/1DDMAN/hackathon/java-spring-boot-template-master/target/classes/com/], URL [jar:file:/C:/Users/sushpat/.m2/repository/com/fasterxml/classmate/1.3.4/classmate-1.3.4.jar!/com/], URL [jar:file:/C:/Users/sushpat/.m2/repository/com/fasterxml/jackson/core/jackson-databind/2.8.11.3/jackson-databind-2.8.11.3.jar!/com/], URL [jar:file:/C:/Users/sushpat/.m2/repository/com/fasterxml/jackson/core/jackson-annotations/2.8.0/jackson-annotations-2.8.0.jar!/com/], URL [jar:file:/C:/Users/sushpat/.m2/repository/com/fasterxml/jackson/core/jackson-core/2.8.11/jackson-core-2.8.11.jar!/com/], URL [jar:file:/C:/Users/sushpat/.m2/repository/com/jayway/jsonpath/json-path/2.2.0/json-path-2.2.0.jar!/com/]]
18:16:21.090 [main] DEBUG org.springframework.core.io.support.PathMatchingResourcePatternResolver - Looking for matching resources in directory tree [C:\Projects\1DDMAN\hackathon\java-spring-boot-template-master\target\test-classes\com]
18:16:21.090 [main] DEBUG org.springframework.core.io.support.PathMatchingResourcePatternResolver - Searching directory [C:\Projects\1DDMAN\hackathon\java-spring-boot-template-master\target\test-classes\com] for files matching pattern [C:/Projects/1DDMAN/hackathon/java-spring-boot-template-master/target/test-classes/com/*.class]
18:16:21.090 [main] DEBUG org.springframework.core.io.support.PathMatchingResourcePatternResolver - Looking for matching resources in directory tree [C:\Projects\1DDMAN\hackathon\java-spring-boot-template-master\target\classes\com]
18:16:21.091 [main] DEBUG org.springframework.core.io.support.PathMatchingResourcePatternResolver - Searching directory [C:\Projects\1DDMAN\hackathon\java-spring-boot-template-master\target\classes\com] for files matching pattern [C:/Projects/1DDMAN/hackathon/java-spring-boot-template-master/target/classes/com/*.class]
18:16:21.091 [main] DEBUG org.springframework.core.io.support.PathMatchingResourcePatternResolver - Looking for matching resources in jar file [file:/C:/Users/sushpat/.m2/repository/com/fasterxml/classmate/1.3.4/classmate-1.3.4.jar]
18:16:21.092 [main] DEBUG org.springframework.core.io.support.PathMatchingResourcePatternResolver - Looking for matching resources in jar file [file:/C:/Users/sushpat/.m2/repository/com/fasterxml/jackson/core/jackson-databind/2.8.11.3/jackson-databind-2.8.11.3.jar]
18:16:21.100 [main] DEBUG org.springframework.core.io.support.PathMatchingResourcePatternResolver - Looking for matching resources in jar file [file:/C:/Users/sushpat/.m2/repository/com/fasterxml/jackson/core/jackson-annotations/2.8.0/jackson-annotations-2.8.0.jar]
18:16:21.100 [main] DEBUG org.springframework.core.io.support.PathMatchingResourcePatternResolver - Looking for matching resources in jar file [file:/C:/Users/sushpat/.m2/repository/com/fasterxml/jackson/core/jackson-core/2.8.11/jackson-core-2.8.11.jar]
18:16:21.101 [main] DEBUG org.springframework.core.io.support.PathMatchingResourcePatternResolver - Looking for matching resources in jar file [file:/C:/Users/sushpat/.m2/repository/com/jayway/jsonpath/json-path/2.2.0/json-path-2.2.0.jar]
18:16:21.106 [main] DEBUG org.springframework.core.io.support.PathMatchingResourcePatternResolver - Resolved location pattern [classpath*:com/*.class] to resources []
18:16:21.110 [main] DEBUG org.springframework.test.context.junit4.SpringJUnit4ClassRunner - SpringJUnit4ClassRunner constructor called with [class com.daimler.javaspringbootopenshifttemplate.ApplicationTests]
18:16:21.110 [main] DEBUG org.springframework.test.context.BootstrapUtils - Instantiating CacheAwareContextLoaderDelegate from class [org.springframework.test.context.cache.DefaultCacheAwareContextLoaderDelegate]
18:16:21.110 [main] DEBUG org.springframework.test.context.BootstrapUtils - Instantiating BootstrapContext using constructor [public org.springframework.test.context.support.DefaultBootstrapContext(java.lang.Class,org.springframework.test.context.CacheAwareContextLoaderDelegate)]
18:16:21.110 [main] DEBUG org.springframework.test.context.BootstrapUtils - Instantiating TestContextBootstrapper for test class [com.daimler.javaspringbootopenshifttemplate.ApplicationTests] from class [org.springframework.boot.test.context.SpringBootTestContextBootstrapper]
18:16:21.111 [main] INFO org.springframework.boot.test.context.SpringBootTestContextBootstrapper - Neither @ContextConfiguration nor @ContextHierarchy found for test class [com.daimler.javaspringbootopenshifttemplate.ApplicationTests], using SpringBootContextLoader
18:16:21.111 [main] DEBUG org.springframework.test.context.support.AbstractContextLoader - Did not detect default resource location for test class [com.daimler.javaspringbootopenshifttemplate.ApplicationTests]: class path resource [com/daimler/javaspringbootopenshifttemplate/ApplicationTests-context.xml] does not exist
18:16:21.112 [main] DEBUG org.springframework.test.context.support.AbstractContextLoader - Did not detect default resource location for test class [com.daimler.javaspringbootopenshifttemplate.ApplicationTests]: class path resource [com/daimler/javaspringbootopenshifttemplate/ApplicationTestsContext.groovy] does not exist
18:16:21.112 [main] INFO org.springframework.test.context.support.AbstractContextLoader - Could not detect default resource locations for test class [com.daimler.javaspringbootopenshifttemplate.ApplicationTests]: no resource found for suffixes {-context.xml, Context.groovy}.
18:16:21.113 [main] INFO org.springframework.test.context.support.AnnotationConfigContextLoaderUtils - Could not detect default configuration classes for test class [com.daimler.javaspringbootopenshifttemplate.ApplicationTests]: ApplicationTests does not declare any static, non-private, non-final, nested classes annotated with @Configuration.
18:16:21.117 [main] DEBUG org.springframework.test.context.support.ActiveProfilesUtils - Could not find an 'annotation declaring class' for annotation type [org.springframework.test.context.ActiveProfiles] and class [com.daimler.javaspringbootopenshifttemplate.ApplicationTests]
18:16:21.117 [main] DEBUG org.springframework.core.env.StandardEnvironment - Adding PropertySource 'systemProperties' with lowest search precedence
18:16:21.117 [main] DEBUG org.springframework.core.env.StandardEnvironment - Adding PropertySource 'systemEnvironment' with lowest search precedence
18:16:21.117 [main] DEBUG org.springframework.core.env.StandardEnvironment - Initialized StandardEnvironment with PropertySources [MapPropertySource@2104545713 {name='systemProperties', properties={java.runtime.name=Java(TM) SE Runtime Environment, sun.boot.library.path=C:\Program Files\Java\jre1.8.0_201\bin, java.vm.version=25.201-b09, java.vm.vendor=Oracle Corporation, java.vendor.url=http://java.oracle.com/, path.separator=;, java.vm.name=Java HotSpot(TM) 64-Bit Server VM, file.encoding.pkg=sun.io, user.country=US, user.script=, sun.java.launcher=SUN_STANDARD, sun.os.patch.level=, java.vm.specification.name=Java Virtual Machine Specification, user.dir=C:\Projects\1DDMAN\hackathon\java-spring-boot-template-master, java.runtime.version=1.8.0_201-b09, basedir=C:\Projects\1DDMAN\hackathon\java-spring-boot-template-master, java.awt.graphicsenv=sun.awt.Win32GraphicsEnvironment, java.endorsed.dirs=C:\Program Files\Java\jre1.8.0_201\lib\endorsed, os.arch=amd64, surefire.real.class.path=C:\Projects\1DDMAN\hackathon\java-spring-boot-template-master\target\surefire\surefirebooter1113984819214314581.jar, java.io.tmpdir=C:\Users\sushpat\AppData\Local\Temp\, line.separator=
, java.vm.specification.vendor=Oracle Corporation, user.variant=, os.name=Windows 10, sun.jnu.encoding=Cp1252, java.library.path=C:\Program Files\Java\jre1.8.0_201\bin;C:\WINDOWS\Sun\Java\bin;C:\WINDOWS\system32;C:\WINDOWS;C:/Program Files/Java/jre1.8.0_201/bin/server;C:/Program Files/Java/jre1.8.0_201/bin;C:/Program Files/Java/jre1.8.0_201/lib/amd64;C:\Program Files (x86)\Common Files\Oracle\Java\javapath;C:\Program Files\Amazon Corretto\jdk1.8.0_242\bin;C:\Program Files (x86)\Amazon Corretto\jdk1.8.0_242\bin;C:\WINDOWS\system32;C:\WINDOWS;C:\WINDOWS\System32\Wbem;C:\WINDOWS\System32\WindowsPowerShell\v1.0\;C:\Program Files (x86)\Microsoft SQL Server\Client SDK\ODBC\130\Tools\Binn\;C:\Program Files (x86)\Microsoft SQL Server\140\Tools\Binn\;C:\Program Files (x86)\Microsoft SQL Server\140\DTS\Binn\;C:\Program Files (x86)\Microsoft SQL Server\140\Tools\Binn\ManagementStudio\;C:\Program Files\TortoiseSVN\bin;C:\WINDOWS\System32\OpenSSH\;C:\Program Files\Microsoft SQL Server\Client SDK\ODBC\130\Tools\Binn\;C:\Program Files\Microsoft SQL Server\140\Tools\Binn\;C:\Program Files\Microsoft SQL Server\140\DTS\Binn\;C:\Program Files\Git\cmd;C:\Program Files (x86)\Google\Chrome\Application\;C:\Program Files (x86)\Openshift;C:\Users\sushpat\AppData\Local\Microsoft\WindowsApps;C:\Users\sushpat\AppData\Local\GitHubDesktop\bin;C:\Users\sushpat\AppData\Local\Programs\Microsoft VS Code\bin;C:\Program Files (x86)\Google\Chrome\Application\;C:\Program Files (x86)\Openshift;;C:\Softwares\eclipse-jee-2019-12-R-win32-x86_64\eclipse;;., surefire.test.class.path=C:\Projects\1DDMAN\hackathon\java-spring-boot-template-master\target\test-classes;C:\Projects\1DDMAN\hackathon\java-spring-boot-template-master\target\classes;C:\Users\sushpat\.m2\repository\org\springframework\boot\spring-boot-starter-web\1.5.21.RELEASE\spring-boot-starter-web-1.5.21.RELEASE.jar;C:\Users\sushpat\.m2\repository\org\springframework\boot\spring-boot-starter\1.5.21.RELEASE\spring-boot-starter-1.5.21.RELEASE.jar;C:\Users\sushpat\.m2\repository\org\springframework\boot\spring-boot\1.5.21.RELEASE\spring-boot-1.5.21.RELEASE.jar;C:\Users\sushpat\.m2\repository\org\springframework\boot\spring-boot-autoconfigure\1.5.21.RELEASE\spring-boot-autoconfigure-1.5.21.RELEASE.jar;C:\Users\sushpat\.m2\repository\org\springframework\boot\spring-boot-starter-logging\1.5.21.RELEASE\spring-boot-starter-logging-1.5.21.RELEASE.jar;C:\Users\sushpat\.m2\repository\ch\qos\logback\logback-classic\1.1.11\logback-classic-1.1.11.jar;C:\Users\sushpat\.m2\repository\ch\qos\logback\logback-core\1.1.11\logback-core-1.1.11.jar;C:\Users\sushpat\.m2\repository\org\slf4j\jcl-over-slf4j\1.7.26\jcl-over-slf4j-1.7.26.jar;C:\Users\sushpat\.m2\repository\org\slf4j\jul-to-slf4j\1.7.26\jul-to-slf4j-1.7.26.jar;C:\Users\sushpat\.m2\repository\org\slf4j\log4j-over-slf4j\1.7.26\log4j-over-slf4j-1.7.26.jar;C:\Users\sushpat\.m2\repository\org\yaml\snakeyaml\1.17\snakeyaml-1.17.jar;C:\Users\sushpat\.m2\repository\org\springframework\boot\spring-boot-starter-tomcat\1.5.21.RELEASE\spring-boot-starter-tomcat-1.5.21.RELEASE.jar;C:\Users\sushpat\.m2\repository\org\apache\tomcat\embed\tomcat-embed-core\8.5.40\tomcat-embed-core-8.5.40.jar;C:\Users\sushpat\.m2\repository\org\apache\tomcat\tomcat-annotations-api\8.5.40\tomcat-annotations-api-8.5.40.jar;C:\Users\sushpat\.m2\repository\org\apache\tomcat\embed\tomcat-embed-el\8.5.40\tomcat-embed-el-8.5.40.jar;C:\Users\sushpat\.m2\repository\org\apache\tomcat\embed\tomcat-embed-websocket\8.5.40\tomcat-embed-websocket-8.5.40.jar;C:\Users\sushpat\.m2\repository\org\hibernate\hibernate-validator\5.3.6.Final\hibernate-validator-5.3.6.Final.jar;C:\Users\sushpat\.m2\repository\javax\validation\validation-api\1.1.0.Final\validation-api-1.1.0.Final.jar;C:\Users\sushpat\.m2\repository\org\jboss\logging\jboss-logging\3.3.2.Final\jboss-logging-3.3.2.Final.jar;C:\Users\sushpat\.m2\repository\com\fasterxml\classmate\1.3.4\classmate-1.3.4.jar;C:\Users\sushpat\.m2\repository\com\fasterxml\jackson\core\jackson-databind\2.8.11.3\jackson-databind-2.8.11.3.jar;C:\Users\sushpat\.m2\repository\com\fasterxml\jackson\core\jackson-annotations\2.8.0\jackson-annotations-2.8.0.jar;C:\Users\sushpat\.m2\repository\com\fasterxml\jackson\core\jackson-core\2.8.11\jackson-core-2.8.11.jar;C:\Users\sushpat\.m2\repository\org\springframework\spring-web\4.3.24.RELEASE\spring-web-4.3.24.RELEASE.jar;C:\Users\sushpat\.m2\repository\org\springframework\spring-aop\4.3.24.RELEASE\spring-aop-4.3.24.RELEASE.jar;C:\Users\sushpat\.m2\repository\org\springframework\spring-beans\4.3.24.RELEASE\spring-beans-4.3.24.RELEASE.jar;C:\Users\sushpat\.m2\repository\org\springframework\spring-context\4.3.24.RELEASE\spring-context-4.3.24.RELEASE.jar;C:\Users\sushpat\.m2\repository\org\springframework\spring-webmvc\4.3.24.RELEASE\spring-webmvc-4.3.24.RELEASE.jar;C:\Users\sushpat\.m2\repository\org\springframework\spring-expression\4.3.24.RELEASE\spring-expression-4.3.24.RELEASE.jar;C:\Users\sushpat\.m2\repository\org\springframework\boot\spring-boot-starter-test\1.5.21.RELEASE\spring-boot-starter-test-1.5.21.RELEASE.jar;C:\Users\sushpat\.m2\repository\org\springframework\boot\spring-boot-test\1.5.21.RELEASE\spring-boot-test-1.5.21.RELEASE.jar;C:\Users\sushpat\.m2\repository\org\springframework\boot\spring-boot-test-autoconfigure\1.5.21.RELEASE\spring-boot-test-autoconfigure-1.5.21.RELEASE.jar;C:\Users\sushpat\.m2\repository\com\jayway\jsonpath\json-path\2.2.0\json-path-2.2.0.jar;C:\Users\sushpat\.m2\repository\net\minidev\json-smart\2.2.1\json-smart-2.2.1.jar;C:\Users\sushpat\.m2\repository\net\minidev\accessors-smart\1.1\accessors-smart-1.1.jar;C:\Users\sushpat\.m2\repository\org\ow2\asm\asm\5.0.3\asm-5.0.3.jar;C:\Users\sushpat\.m2\repository\org\slf4j\slf4j-api\1.7.26\slf4j-api-1.7.26.jar;C:\Users\sushpat\.m2\repository\junit\junit\4.12\junit-4.12.jar;C:\Users\sushpat\.m2\repository\org\assertj\assertj-core\2.6.0\assertj-core-2.6.0.jar;C:\Users\sushpat\.m2\repository\org\mockito\mockito-core\1.10.19\mockito-core-1.10.19.jar;C:\Users\sushpat\.m2\repository\org\objenesis\objenesis\2.1\objenesis-2.1.jar;C:\Users\sushpat\.m2\repository\org\hamcrest\hamcrest-core\1.3\hamcrest-core-1.3.jar;C:\Users\sushpat\.m2\repository\org\hamcrest\hamcrest-library\1.3\hamcrest-library-1.3.jar;C:\Users\sushpat\.m2\repository\org\skyscreamer\jsonassert\1.4.0\jsonassert-1.4.0.jar;C:\Users\sushpat\.m2\repository\com\vaadin\external\google\android-json\0.0.20131108.vaadin1\android-json-0.0.20131108.vaadin1.jar;C:\Users\sushpat\.m2\repository\org\springframework\spring-core\4.3.24.RELEASE\spring-core-4.3.24.RELEASE.jar;C:\Users\sushpat\.m2\repository\org\springframework\spring-test\4.3.24.RELEASE\spring-test-4.3.24.RELEASE.jar;, java.specification.name=Java Platform API Specification, java.class.version=52.0, sun.management.compiler=HotSpot 64-Bit Tiered Compilers, os.version=10.0, user.home=C:\Users\sushpat, user.timezone=Asia/Calcutta, java.awt.printerjob=sun.awt.windows.WPrinterJob, file.encoding=Cp1252, java.specification.version=1.8, java.class.path=C:\Projects\1DDMAN\hackathon\java-spring-boot-template-master\target\test-classes;C:\Projects\1DDMAN\hackathon\java-spring-boot-template-master\target\classes;C:\Users\sushpat\.m2\repository\org\springframework\boot\spring-boot-starter-web\1.5.21.RELEASE\spring-boot-starter-web-1.5.21.RELEASE.jar;C:\Users\sushpat\.m2\repository\org\springframework\boot\spring-boot-starter\1.5.21.RELEASE\spring-boot-starter-1.5.21.RELEASE.jar;C:\Users\sushpat\.m2\repository\org\springframework\boot\spring-boot\1.5.21.RELEASE\spring-boot-1.5.21.RELEASE.jar;C:\Users\sushpat\.m2\repository\org\springframework\boot\spring-boot-autoconfigure\1.5.21.RELEASE\spring-boot-autoconfigure-1.5.21.RELEASE.jar;C:\Users\sushpat\.m2\repository\org\springframework\boot\spring-boot-starter-logging\1.5.21.RELEASE\spring-boot-starter-logging-1.5.21.RELEASE.jar;C:\Users\sushpat\.m2\repository\ch\qos\logback\logback-classic\1.1.11\logback-classic-1.1.11.jar;C:\Users\sushpat\.m2\repository\ch\qos\logback\logback-core\1.1.11\logback-core-1.1.11.jar;C:\Users\sushpat\.m2\repository\org\slf4j\jcl-over-slf4j\1.7.26\jcl-over-slf4j-1.7.26.jar;C:\Users\sushpat\.m2\repository\org\slf4j\jul-to-slf4j\1.7.26\jul-to-slf4j-1.7.26.jar;C:\Users\sushpat\.m2\repository\org\slf4j\log4j-over-slf4j\1.7.26\log4j-over-slf4j-1.7.26.jar;C:\Users\sushpat\.m2\repository\org\yaml\snakeyaml\1.17\snakeyaml-1.17.jar;C:\Users\sushpat\.m2\repository\org\springframework\boot\spring-boot-starter-tomcat\1.5.21.RELEASE\spring-boot-starter-tomcat-1.5.21.RELEASE.jar;C:\Users\sushpat\.m2\repository\org\apache\tomcat\embed\tomcat-embed-core\8.5.40\tomcat-embed-core-8.5.40.jar;C:\Users\sushpat\.m2\repository\org\apache\tomcat\tomcat-annotations-api\8.5.40\tomcat-annotations-api-8.5.40.jar;C:\Users\sushpat\.m2\repository\org\apache\tomcat\embed\tomcat-embed-el\8.5.40\tomcat-embed-el-8.5.40.jar;C:\Users\sushpat\.m2\repository\org\apache\tomcat\embed\tomcat-embed-websocket\8.5.40\tomcat-embed-websocket-8.5.40.jar;C:\Users\sushpat\.m2\repository\org\hibernate\hibernate-validator\5.3.6.Final\hibernate-validator-5.3.6.Final.jar;C:\Users\sushpat\.m2\repository\javax\validation\validation-api\1.1.0.Final\validation-api-1.1.0.Final.jar;C:\Users\sushpat\.m2\repository\org\jboss\logging\jboss-logging\3.3.2.Final\jboss-logging-3.3.2.Final.jar;C:\Users\sushpat\.m2\repository\com\fasterxml\classmate\1.3.4\classmate-1.3.4.jar;C:\Users\sushpat\.m2\repository\com\fasterxml\jackson\core\jackson-databind\2.8.11.3\jackson-databind-2.8.11.3.jar;C:\Users\sushpat\.m2\repository\com\fasterxml\jackson\core\jackson-annotations\2.8.0\jackson-annotations-2.8.0.jar;C:\Users\sushpat\.m2\repository\com\fasterxml\jackson\core\jackson-core\2.8.11\jackson-core-2.8.11.jar;C:\Users\sushpat\.m2\repository\org\springframework\spring-web\4.3.24.RELEASE\spring-web-4.3.24.RELEASE.jar;C:\Users\sushpat\.m2\repository\org\springframework\spring-aop\4.3.24.RELEASE\spring-aop-4.3.24.RELEASE.jar;C:\Users\sushpat\.m2\repository\org\springframework\spring-beans\4.3.24.RELEASE\spring-beans-4.3.24.RELEASE.jar;C:\Users\sushpat\.m2\repository\org\springframework\spring-context\4.3.24.RELEASE\spring-context-4.3.24.RELEASE.jar;C:\Users\sushpat\.m2\repository\org\springframework\spring-webmvc\4.3.24.RELEASE\spring-webmvc-4.3.24.RELEASE.jar;C:\Users\sushpat\.m2\repository\org\springframework\spring-expression\4.3.24.RELEASE\spring-expression-4.3.24.RELEASE.jar;C:\Users\sushpat\.m2\repository\org\springframework\boot\spring-boot-starter-test\1.5.21.RELEASE\spring-boot-starter-test-1.5.21.RELEASE.jar;C:\Users\sushpat\.m2\repository\org\springframework\boot\spring-boot-test\1.5.21.RELEASE\spring-boot-test-1.5.21.RELEASE.jar;C:\Users\sushpat\.m2\repository\org\springframework\boot\spring-boot-test-autoconfigure\1.5.21.RELEASE\spring-boot-test-autoconfigure-1.5.21.RELEASE.jar;C:\Users\sushpat\.m2\repository\com\jayway\jsonpath\json-path\2.2.0\json-path-2.2.0.jar;C:\Users\sushpat\.m2\repository\net\minidev\json-smart\2.2.1\json-smart-2.2.1.jar;C:\Users\sushpat\.m2\repository\net\minidev\accessors-smart\1.1\accessors-smart-1.1.jar;C:\Users\sushpat\.m2\repository\org\ow2\asm\asm\5.0.3\asm-5.0.3.jar;C:\Users\sushpat\.m2\repository\org\slf4j\slf4j-api\1.7.26\slf4j-api-1.7.26.jar;C:\Users\sushpat\.m2\repository\junit\junit\4.12\junit-4.12.jar;C:\Users\sushpat\.m2\repository\org\assertj\assertj-core\2.6.0\assertj-core-2.6.0.jar;C:\Users\sushpat\.m2\repository\org\mockito\mockito-core\1.10.19\mockito-core-1.10.19.jar;C:\Users\sushpat\.m2\repository\org\objenesis\objenesis\2.1\objenesis-2.1.jar;C:\Users\sushpat\.m2\repository\org\hamcrest\hamcrest-core\1.3\hamcrest-core-1.3.jar;C:\Users\sushpat\.m2\repository\org\hamcrest\hamcrest-library\1.3\hamcrest-library-1.3.jar;C:\Users\sushpat\.m2\repository\org\skyscreamer\jsonassert\1.4.0\jsonassert-1.4.0.jar;C:\Users\sushpat\.m2\repository\com\vaadin\external\google\android-json\0.0.20131108.vaadin1\android-json-0.0.20131108.vaadin1.jar;C:\Users\sushpat\.m2\repository\org\springframework\spring-core\4.3.24.RELEASE\spring-core-4.3.24.RELEASE.jar;C:\Users\sushpat\.m2\repository\org\springframework\spring-test\4.3.24.RELEASE\spring-test-4.3.24.RELEASE.jar;, user.name=SUSHPAT, java.vm.specification.version=1.8, sun.java.command=C:\Projects\1DDMAN\hackathon\java-spring-boot-template-master\target\surefire\surefirebooter1113984819214314581.jar C:\Projects\1DDMAN\hackathon\java-spring-boot-template-master\target\surefire\surefire544335069028387152tmp C:\Projects\1DDMAN\hackathon\java-spring-boot-template-master\target\surefire\surefire_08763738966913562518tmp, java.home=C:\Program Files\Java\jre1.8.0_201, sun.arch.data.model=64, user.language=en, java.specification.vendor=Oracle Corporation, awt.toolkit=sun.awt.windows.WToolkit, java.vm.info=mixed mode, java.version=1.8.0_201, java.ext.dirs=C:\Program Files\Java\jre1.8.0_201\lib\ext;C:\WINDOWS\Sun\Java\lib\ext, sun.boot.class.path=C:\Program Files\Java\jre1.8.0_201\lib\resources.jar;C:\Program Files\Java\jre1.8.0_201\lib\rt.jar;C:\Program Files\Java\jre1.8.0_201\lib\sunrsasign.jar;C:\Program Files\Java\jre1.8.0_201\lib\jsse.jar;C:\Program Files\Java\jre1.8.0_201\lib\jce.jar;C:\Program Files\Java\jre1.8.0_201\lib\charsets.jar;C:\Program Files\Java\jre1.8.0_201\lib\jfr.jar;C:\Program Files\Java\jre1.8.0_201\classes, java.vendor=Oracle Corporation, localRepository=C:\Users\sushpat\.m2\repository, file.separator=\, java.vendor.url.bug=http://bugreport.sun.com/bugreport/, sun.io.unicode.encoding=UnicodeLittle, sun.cpu.endian=little, sun.desktop=windows, sun.cpu.isalist=amd64}}, SystemEnvironmentPropertySource@712256162 {name='systemEnvironment', properties={PATH=C:/Program Files/Java/jre1.8.0_201/bin/server;C:/Program Files/Java/jre1.8.0_201/bin;C:/Program Files/Java/jre1.8.0_201/lib/amd64;C:\Program Files (x86)\Common Files\Oracle\Java\javapath;C:\Program Files\Amazon Corretto\jdk1.8.0_242\bin;C:\Program Files (x86)\Amazon Corretto\jdk1.8.0_242\bin;C:\WINDOWS\system32;C:\WINDOWS;C:\WINDOWS\System32\Wbem;C:\WINDOWS\System32\WindowsPowerShell\v1.0\;C:\Program Files (x86)\Microsoft SQL Server\Client SDK\ODBC\130\Tools\Binn\;C:\Program Files (x86)\Microsoft SQL Server\140\Tools\Binn\;C:\Program Files (x86)\Microsoft SQL Server\140\DTS\Binn\;C:\Program Files (x86)\Microsoft SQL Server\140\Tools\Binn\ManagementStudio\;C:\Program Files\TortoiseSVN\bin;C:\WINDOWS\System32\OpenSSH\;C:\Program Files\Microsoft SQL Server\Client SDK\ODBC\130\Tools\Binn\;C:\Program Files\Microsoft SQL Server\140\Tools\Binn\;C:\Program Files\Microsoft SQL Server\140\DTS\Binn\;C:\Program Files\Git\cmd;C:\Program Files (x86)\Google\Chrome\Application\;C:\Program Files (x86)\Openshift;C:\Users\sushpat\AppData\Local\Microsoft\WindowsApps;C:\Users\sushpat\AppData\Local\GitHubDesktop\bin;C:\Users\sushpat\AppData\Local\Programs\Microsoft VS Code\bin;C:\Program Files (x86)\Google\Chrome\Application\;C:\Program Files (x86)\Openshift;;C:\Softwares\eclipse-jee-2019-12-R-win32-x86_64\eclipse;, USERDOMAIN_ROAMINGPROFILE=APAC, PROCESSOR_LEVEL=6, SYSTEMDRIVE=C:, USERSID=S-1-5-21-1214440339-1715567821-839522115-375543, SESSIONNAME=Console, ALLUSERSPROFILE=C:\ProgramData, PROCESSOR_ARCHITECTURE=AMD64, DRIVERDATA=C:\Windows\System32\Drivers\DriverData, SYSTEMMANAGEMENTHEALTHRESULT=<CMHR LastExecutionTime="20200516220204.000000+330" LastExecutionVersion="3.2.8.0" LastExecutionStatus="0"/>, DEFLOGDIR=C:\ProgramData\McAfee\Endpoint Security\Logs, PROGRAMFILES=C:\Program Files, PSMODULEPATH=C:\Program Files\WindowsPowerShell\Modules;C:\WINDOWS\system32\WindowsPowerShell\v1.0\Modules;C:\Program Files (x86)\Microsoft SQL Server\140\Tools\PowerShell\Modules\, PROGRAMDATA=C:\ProgramData, USERNAME=SUSHPAT, USERDNSDOMAIN=APAC.CORPDIR.NET, FPS_BROWSER_USER_PROFILE_STRING=Default, ONEDRIVE=C:\Users\sushpat\OneDrive, DCXCLIENT=Client, PATHEXT=.COM;.EXE;.BAT;.CMD;.VBS;.VBE;.JS;.JSE;.WSF;.WSH;.MSC, SEE_MASK_NOZONECHECKS=1, SSF_LIBRARY_PATH_64=C:\Program Files\SAP\FrontEnd\SecureLogin\lib\sapcrypto.dll, HOMESHARE=\\srtif006.in623.corpintra.net\Home_Directory_WP_GGA$\SUSHPAT\Data, SSF_LIBRARY_PATH=C:\Program Files (x86)\SAP\FrontEnd\SecureLogin\lib\sapcrypto.dll, WINDIR=C:\WINDOWS, COMPUTERDOMAIN=APAC, HOMEPATH=\, SETTINGSSHARE=\\sgscfi0003.in623.corpintra.net\AGSC_PUEVGGA$, PROCESSOR_IDENTIFIER=Intel64 Family 6 Model 158 Stepping 10, GenuineIntel, PUBLIC=C:\Users\Public, OFFICESUITEVERSION=2016, =::=::\, LOCALAPPDATA=C:\Users\sushpat\AppData\Local, COMMONPROGRAMFILES(X86)=C:\Program Files (x86)\Common Files, USERDOMAIN=APAC, FPS_BROWSER_APP_PROFILE_STRING=Internet Explorer, LOGONSERVER=\\SEDCD130, JAVA_HOME=C:\Program Files\Amazon Corretto\jdk1.8.0_242, PROMPT=$P$G, PROGRAMFILES(X86)=C:\Program Files (x86), =C:=C:\Projects\1DDMAN\hackathon\java-spring-boot-template-master, APPDATA=C:\Users\sushpat\AppData\Roaming, SNC_LIB_32_2=C:\Program Files (x86)\SAP\FrontEnd\SecureLogin\lib\sapcrypto.dll, PROGRAMW6432=C:\Program Files, SYSTEMROOT=C:\WINDOWS, UEVAREA=UEV, COMPUTERDNSDOMAIN=APAC.corpdir.net, OS=Windows_NT, COMMONPROGRAMW6432=C:\Program Files\Common Files, COMPUTERNAME=CGSCLXI64185807, DEPLOYMENTCONFIGURATION=COP - Win10 x64 1709 GF201720.02 06, COMMONPROGRAMFILES=C:\Program Files\Common Files, COMSPEC=C:\WINDOWS\system32\cmd.exe, PROCESSOR_REVISION=9e0a, UATDATA=C:\WINDOWS\CCM\UATData\D9F8C395-CAB8-491d-B8AC-179A1FE1BE77, SNC_LIB_64=C:\Program Files\SAP\FrontEnd\SecureLogin\lib\sapcrypto.dll, TEMP=C:\Users\sushpat\AppData\Local\Temp, HOMEDRIVE=H:, USERPROFILE=C:\Users\sushpat, TMP=C:\Users\sushpat\AppData\Local\Temp, NUMBER_OF_PROCESSORS=12, SNC_LIB_64_2=C:\Program Files\SAP\FrontEnd\SecureLogin\lib\sapcrypto.dll, USERTLOU=AGSC}}]
18:16:21.120 [main] DEBUG org.springframework.core.io.support.PathMatchingResourcePatternResolver - Resolved classpath location [com/daimler/javaspringbootopenshifttemplate/] to resources [URL [file:/C:/Projects/1DDMAN/hackathon/java-spring-boot-template-master/target/test-classes/com/daimler/javaspringbootopenshifttemplate/]]
18:16:21.120 [main] DEBUG org.springframework.core.io.support.PathMatchingResourcePatternResolver - Looking for matching resources in directory tree [C:\Projects\1DDMAN\hackathon\java-spring-boot-template-master\target\test-classes\com\daimler\javaspringbootopenshifttemplate]
18:16:21.121 [main] DEBUG org.springframework.core.io.support.PathMatchingResourcePatternResolver - Searching directory [C:\Projects\1DDMAN\hackathon\java-spring-boot-template-master\target\test-classes\com\daimler\javaspringbootopenshifttemplate] for files matching pattern [C:/Projects/1DDMAN/hackathon/java-spring-boot-template-master/target/test-classes/com/daimler/javaspringbootopenshifttemplate/*.class]
18:16:21.122 [main] DEBUG org.springframework.core.io.support.PathMatchingResourcePatternResolver - Resolved location pattern [classpath*:com/daimler/javaspringbootopenshifttemplate/*.class] to resources [file [C:\Projects\1DDMAN\hackathon\java-spring-boot-template-master\target\test-classes\com\daimler\javaspringbootopenshifttemplate\ApplicationTests.class]]
18:16:21.125 [main] DEBUG org.springframework.core.io.support.PathMatchingResourcePatternResolver - Resolved classpath location [com/daimler/] to resources [URL [file:/C:/Projects/1DDMAN/hackathon/java-spring-boot-template-master/target/test-classes/com/daimler/], URL [file:/C:/Projects/1DDMAN/hackathon/java-spring-boot-template-master/target/classes/com/daimler/]]
18:16:21.125 [main] DEBUG org.springframework.core.io.support.PathMatchingResourcePatternResolver - Looking for matching resources in directory tree [C:\Projects\1DDMAN\hackathon\java-spring-boot-template-master\target\test-classes\com\daimler]
18:16:21.125 [main] DEBUG org.springframework.core.io.support.PathMatchingResourcePatternResolver - Searching directory [C:\Projects\1DDMAN\hackathon\java-spring-boot-template-master\target\test-classes\com\daimler] for files matching pattern [C:/Projects/1DDMAN/hackathon/java-spring-boot-template-master/target/test-classes/com/daimler/*.class]
18:16:21.126 [main] DEBUG org.springframework.core.io.support.PathMatchingResourcePatternResolver - Looking for matching resources in directory tree [C:\Projects\1DDMAN\hackathon\java-spring-boot-template-master\target\classes\com\daimler]
18:16:21.126 [main] DEBUG org.springframework.core.io.support.PathMatchingResourcePatternResolver - Searching directory [C:\Projects\1DDMAN\hackathon\java-spring-boot-template-master\target\classes\com\daimler] for files matching pattern [C:/Projects/1DDMAN/hackathon/java-spring-boot-template-master/target/classes/com/daimler/*.class]
18:16:21.127 [main] DEBUG org.springframework.core.io.support.PathMatchingResourcePatternResolver - Resolved location pattern [classpath*:com/daimler/*.class] to resources []
18:16:21.128 [main] DEBUG org.springframework.core.io.support.PathMatchingResourcePatternResolver - Resolved classpath location [com/] to resources [URL [file:/C:/Projects/1DDMAN/hackathon/java-spring-boot-template-master/target/test-classes/com/], URL [file:/C:/Projects/1DDMAN/hackathon/java-spring-boot-template-master/target/classes/com/], URL [jar:file:/C:/Users/sushpat/.m2/repository/com/fasterxml/classmate/1.3.4/classmate-1.3.4.jar!/com/], URL [jar:file:/C:/Users/sushpat/.m2/repository/com/fasterxml/jackson/core/jackson-databind/2.8.11.3/jackson-databind-2.8.11.3.jar!/com/], URL [jar:file:/C:/Users/sushpat/.m2/repository/com/fasterxml/jackson/core/jackson-annotations/2.8.0/jackson-annotations-2.8.0.jar!/com/], URL [jar:file:/C:/Users/sushpat/.m2/repository/com/fasterxml/jackson/core/jackson-core/2.8.11/jackson-core-2.8.11.jar!/com/], URL [jar:file:/C:/Users/sushpat/.m2/repository/com/jayway/jsonpath/json-path/2.2.0/json-path-2.2.0.jar!/com/]]
18:16:21.128 [main] DEBUG org.springframework.core.io.support.PathMatchingResourcePatternResolver - Looking for matching resources in directory tree [C:\Projects\1DDMAN\hackathon\java-spring-boot-template-master\target\test-classes\com]
18:16:21.128 [main] DEBUG org.springframework.core.io.support.PathMatchingResourcePatternResolver - Searching directory [C:\Projects\1DDMAN\hackathon\java-spring-boot-template-master\target\test-classes\com] for files matching pattern [C:/Projects/1DDMAN/hackathon/java-spring-boot-template-master/target/test-classes/com/*.class]
18:16:21.128 [main] DEBUG org.springframework.core.io.support.PathMatchingResourcePatternResolver - Looking for matching resources in directory tree [C:\Projects\1DDMAN\hackathon\java-spring-boot-template-master\target\classes\com]
18:16:21.129 [main] DEBUG org.springframework.core.io.support.PathMatchingResourcePatternResolver - Searching directory [C:\Projects\1DDMAN\hackathon\java-spring-boot-template-master\target\classes\com] for files matching pattern [C:/Projects/1DDMAN/hackathon/java-spring-boot-template-master/target/classes/com/*.class]
18:16:21.129 [main] DEBUG org.springframework.core.io.support.PathMatchingResourcePatternResolver - Looking for matching resources in jar file [file:/C:/Users/sushpat/.m2/repository/com/fasterxml/classmate/1.3.4/classmate-1.3.4.jar]
18:16:21.130 [main] DEBUG org.springframework.core.io.support.PathMatchingResourcePatternResolver - Looking for matching resources in jar file [file:/C:/Users/sushpat/.m2/repository/com/fasterxml/jackson/core/jackson-databind/2.8.11.3/jackson-databind-2.8.11.3.jar]
18:16:21.132 [main] DEBUG org.springframework.core.io.support.PathMatchingResourcePatternResolver - Looking for matching resources in jar file [file:/C:/Users/sushpat/.m2/repository/com/fasterxml/jackson/core/jackson-annotations/2.8.0/jackson-annotations-2.8.0.jar]
18:16:21.133 [main] DEBUG org.springframework.core.io.support.PathMatchingResourcePatternResolver - Looking for matching resources in jar file [file:/C:/Users/sushpat/.m2/repository/com/fasterxml/jackson/core/jackson-core/2.8.11/jackson-core-2.8.11.jar]
18:16:21.134 [main] DEBUG org.springframework.core.io.support.PathMatchingResourcePatternResolver - Looking for matching resources in jar file [file:/C:/Users/sushpat/.m2/repository/com/jayway/jsonpath/json-path/2.2.0/json-path-2.2.0.jar]
18:16:21.135 [main] DEBUG org.springframework.core.io.support.PathMatchingResourcePatternResolver - Resolved location pattern [classpath*:com/*.class] to resources []
]]></system-out>
  </testcase>
</testsuite>